0 info it worked if it ends with ok
1 verbose cli [ '/Users/eliza/.nvm/versions/node/v5.0.0/bin/node',
1 verbose cli   '/Users/eliza/.nvm/versions/node/v5.0.0/bin/npm',
1 verbose cli   'run',
1 verbose cli   'watch' ]
2 info using npm@3.7.1
3 info using node@v5.0.0
4 verbose run-script [ 'prewatch', 'watch', 'postwatch' ]
5 info lifecycle foundationpress@2.3.0~prewatch: foundationpress@2.3.0
6 silly lifecycle foundationpress@2.3.0~prewatch: no script for prewatch, continuing
7 info lifecycle foundationpress@2.3.0~watch: foundationpress@2.3.0
8 verbose lifecycle foundationpress@2.3.0~watch: unsafe-perm in lifecycle true
9 verbose lifecycle foundationpress@2.3.0~watch: PATH: /Users/eliza/.nvm/versions/node/v5.0.0/lib/node_modules/npm/bin/node-gyp-bin:/Users/eliza/Desktop/freelance/chattgirls/wp-content/themes/FoundationPress/node_modules/.bin:/Users/eliza/.nvm/versions/node/v5.0.0/bin:/opt/local/bin:/opt/local/sbin:/Users/eliza/.nvm/versions/node/v5.0.0/bin:/Users/eliza/.rbenv/shims:/usr/local/bin:/usr/bin:/bin:/usr/sbin:/sbin:/opt/X11/bin:above/path/to/gems:above/path/to/gems
10 verbose lifecycle foundationpress@2.3.0~watch: CWD: /Users/eliza/Desktop/freelance/chattgirls/wp-content/themes/FoundationPress
11 silly lifecycle foundationpress@2.3.0~watch: Args: [ '-c', 'gulp' ]
12 silly lifecycle foundationpress@2.3.0~watch: Returned: code: 1  signal: null
13 info lifecycle foundationpress@2.3.0~watch: Failed to exec watch script
14 verbose stack Error: foundationpress@2.3.0 watch: `gulp`
14 verbose stack Exit status 1
14 verbose stack     at EventEmitter.<anonymous> (/Users/eliza/.nvm/versions/node/v5.0.0/lib/node_modules/npm/lib/utils/lifecycle.js:239:16)
14 verbose stack     at emitTwo (events.js:87:13)
14 verbose stack     at EventEmitter.emit (events.js:172:7)
14 verbose stack     at ChildProcess.<anonymous> (/Users/eliza/.nvm/versions/node/v5.0.0/lib/node_modules/npm/lib/utils/spawn.js:24:14)
14 verbose stack     at emitTwo (events.js:87:13)
14 verbose stack     at ChildProcess.emit (events.js:172:7)
14 verbose stack     at maybeClose (internal/child_process.js:818:16)
14 verbose stack     at Process.ChildProcess._handle.onexit (internal/child_process.js:211:5)
15 verbose pkgid foundationpress@2.3.0
16 verbose cwd /Users/eliza/Desktop/freelance/chattgirls/wp-content/themes/FoundationPress
17 error Darwin 15.3.0
18 error argv "/Users/eliza/.nvm/versions/node/v5.0.0/bin/node" "/Users/eliza/.nvm/versions/node/v5.0.0/bin/npm" "run" "watch"
19 error node v5.0.0
20 error npm  v3.7.1
21 error code ELIFECYCLE
22 error foundationpress@2.3.0 watch: `gulp`
22 error Exit status 1
23 error Failed at the foundationpress@2.3.0 watch script 'gulp'.
23 error Make sure you have the latest version of node.js and npm installed.
23 error If you do, this is most likely a problem with the foundationpress package,
23 error not with npm itself.
23 error Tell the author that this fails on your system:
23 error     gulp
23 error You can get information on how to open an issue for this project with:
23 error     npm bugs foundationpress
23 error Or if that isn't available, you can get their info via:
23 error     npm owner ls foundationpress
23 error There is likely additional logging output above.
24 verbose exit [ 1, true ]
